0 info it worked if it ends with ok
1 verbose cli [ 'C:\\Program Files\\nodejs\\node.exe',
1 verbose cli   'C:\\Program Files\\nodejs\\node_modules\\npm\\bin\\npm-cli.js',
1 verbose cli   'run',
1 verbose cli   'lite' ]
2 info using npm@3.10.10
3 info using node@v6.11.4
4 verbose run-script [ 'prelite', 'lite', 'postlite' ]
5 info lifecycle drenajeswebinterfaz@~prelite: drenajeswebinterfaz@
6 silly lifecycle drenajeswebinterfaz@~prelite: no script for prelite, continuing
7 info lifecycle drenajeswebinterfaz@~lite: drenajeswebinterfaz@
8 verbose lifecycle drenajeswebinterfaz@~lite: unsafe-perm in lifecycle true
9 verbose lifecycle drenajeswebinterfaz@~lite: PATH: C:\Program Files\nodejs\node_modules\npm\bin\node-gyp-bin;C:\Users\alexb\Documents\GitHub\DrenajesWebInterfaz\node_modules\.bin;C:\Program Files\nodejs\node_modules\npm\bin\node-gyp-bin;C:\Users\alexb\Documents\GitHub\DrenajesWebInterfaz\node_modules\.bin;C:\ProgramData\Oracle\Java\javapath;C:\Windows\system32;C:\Windows;C:\Windows\System32\Wbem;C:\Windows\System32\WindowsPowerShell\v1.0\;C:\Program Files\Microsoft SQL Server\130\Tools\Binn\;C:\Program Files\dotnet\;C:\Program Files\Git\cmd;C:\Program Files\nodejs\;C:\Program Files\MySQL\MySQL Utilities 1.6\;C:\Python27;C:\Python27\Scripts;C:\Users\alexb\AppData\Local\Microsoft\WindowsApps;C:\Users\alexb\AppData\Local\atom\bin;C:\Users\alexb\AppData\Roaming\npm;C:\Users\alexb\AppData\Local\GitHubDesktop\bin;C:\Python27;C:\Python27\Scripts;
10 verbose lifecycle drenajeswebinterfaz@~lite: CWD: C:\Users\alexb\Documents\GitHub\DrenajesWebInterfaz
11 silly lifecycle drenajeswebinterfaz@~lite: Args: [ '/d /s /c', 'lite-server' ]
12 verbose stack Error: kill ENOSYS
12 verbose stack     at Object.exports._errnoException (util.js:1020:11)
12 verbose stack     at process.kill (internal/process.js:191:18)
12 verbose stack     at process.listener (C:\Program Files\nodejs\node_modules\npm\node_modules\npmlog\node_modules\gauge\node_modules\signal-exit\index.js:86:15)
12 verbose stack     at emitNone (events.js:91:20)
12 verbose stack     at process.emit (events.js:185:7)
12 verbose stack     at processEmit (C:\Program Files\nodejs\node_modules\npm\node_modules\npmlog\node_modules\gauge\node_modules\signal-exit\index.js:146:32)
12 verbose stack     at processEmit (C:\Program Files\nodejs\node_modules\npm\node_modules\npm-registry-client\node_modules\npmlog\node_modules\gauge\node_modules\signal-exit\index.js:146:32)
12 verbose stack     at Signal.wrap.onsignal (internal/process.js:217:44)
13 verbose cwd C:\Users\alexb\Documents\GitHub\DrenajesWebInterfaz
14 error Windows_NT 10.0.15063
15 error argv "C:\\Program Files\\nodejs\\node.exe" "C:\\Program Files\\nodejs\\node_modules\\npm\\bin\\npm-cli.js" "run" "lite"
16 error node v6.11.4
17 error npm  v3.10.10
18 error code ENOSYS
19 error errno ENOSYS
20 error syscall kill
21 error kill ENOSYS
22 error If you need help, you may report this error at:
22 error     <https://github.com/npm/npm/issues>
23 verbose exit [ 1, true ]
